<?xml version="1.0" encoding="UTF-8"?>
<testng-results ignored="0" total="1" passed="1" failed="0" skipped="0">
  <reporter-output>
  </reporter-output>
  <suite started-at="2020-01-31T16:47:17 IST" name="Default suite" finished-at="2020-01-31T16:47:37 IST" duration-ms="19978">
    <groups>
    </groups>
    <test started-at="2020-01-31T16:47:17 IST" name="Default test" finished-at="2020-01-31T16:47:37 IST" duration-ms="19978">
      <class name="com.training.sanity.tests.testforth15">
        <test-method is-config="true" signature="setUpBeforeClass()[pri:0, instance:com.training.sanity.tests.testforth15@12d4bf7e]" started-at="2020-01-31T16:47:17 IST" name="setUpBeforeClass" finished-at="2020-01-31T16:47:29 IST" duration-ms="12075" status="PASS">
          <reporter-output>
          </reporter-output>
        </test-method> <!-- setUpBeforeClass -->
        <test-method signature="validLoginTest()[pri:0, instance:com.training.sanity.tests.testforth15@12d4bf7e]" started-at="2020-01-31T16:47:29 IST" name="validLoginTest" finished-at="2020-01-31T16:47:35 IST" duration-ms="5984" status="PASS">
          <reporter-output>
          </reporter-output>
        </test-method> <!-- validLoginTest -->
        <test-method is-config="true" signature="tearDown()[pri:0, instance:com.training.sanity.tests.testforth15@12d4bf7e]" started-at="2020-01-31T16:47:35 IST" name="tearDown" finished-at="2020-01-31T16:47:37 IST" duration-ms="1858" status="PASS">
          <reporter-output>
          </reporter-output>
        </test-method> <!-- tearDown -->
      </class> <!-- com.training.sanity.tests.testforth15 -->
    </test> <!-- Default test -->
  </suite> <!-- Default suite -->
</testng-results>
