<?xml version="1.0" encoding="UTF-8"?>
<testng-results ignored="0" total="1" passed="1" failed="0" skipped="0">
  <reporter-output>
  </reporter-output>
  <suite started-at="2020-01-30T14:16:29 IST" name="Default suite" finished-at="2020-01-30T14:17:17 IST" duration-ms="48046">
    <groups>
    </groups>
    <test started-at="2020-01-30T14:16:29 IST" name="Default test" finished-at="2020-01-30T14:17:17 IST" duration-ms="48046">
      <class name="com.training.sanity.tests.testforth15">
        <test-method is-config="true" signature="setUpBeforeClass()[pri:0, instance:com.training.sanity.tests.testforth15@12d4bf7e]" started-at="2020-01-30T14:16:29 IST" name="setUpBeforeClass" finished-at="2020-01-30T14:17:04 IST" duration-ms="34959" status="PASS">
          <reporter-output>
          </reporter-output>
        </test-method> <!-- setUpBeforeClass -->
        <test-method signature="validLoginTest()[pri:0, instance:com.training.sanity.tests.testforth15@12d4bf7e]" started-at="2020-01-30T14:17:04 IST" name="validLoginTest" finished-at="2020-01-30T14:17:15 IST" duration-ms="10960" status="PASS">
          <reporter-output>
          </reporter-output>
        </test-method> <!-- validLoginTest -->
        <test-method is-config="true" signature="tearDown()[pri:0, instance:com.training.sanity.tests.testforth15@12d4bf7e]" started-at="2020-01-30T14:17:15 IST" name="tearDown" finished-at="2020-01-30T14:17:17 IST" duration-ms="2078" status="PASS">
          <reporter-output>
          </reporter-output>
        </test-method> <!-- tearDown -->
      </class> <!-- com.training.sanity.tests.testforth15 -->
    </test> <!-- Default test -->
  </suite> <!-- Default suite -->
</testng-results>
